<?xml version="1.0" encoding="UTF-8"?>
<testng-results ignored="0" total="1" passed="1" failed="0" skipped="0">
  <reporter-output>
  </reporter-output>
  <suite started-at="2026-02-05T16:02:56 GMT+07:00" name="Default suite" finished-at="2026-02-05T16:03:06 GMT+07:00" duration-ms="9981">
    <groups>
    </groups>
    <test started-at="2026-02-05T16:02:56 GMT+07:00" name="Default test" finished-at="2026-02-05T16:03:06 GMT+07:00" duration-ms="9981">
      <class name="Railway.LogoutTest">
        <test-method is-config="true" signature="beforeMethod()[pri:0, instance:Railway.LogoutTest@4009e306]" started-at="2026-02-05T16:02:56 GMT+07:00" name="beforeMethod" finished-at="2026-02-05T16:02:57 GMT+07:00" duration-ms="1382" status="PASS">
          <reporter-output>
          </reporter-output>
        </test-method> <!-- beforeMethod -->
        <test-method signature="TC06()[pri:0, instance:Railway.LogoutTest@4009e306]" started-at="2026-02-05T16:02:57 GMT+07:00" name="TC06" finished-at="2026-02-05T16:03:06 GMT+07:00" duration-ms="8381" status="PASS">
          <reporter-output>
          </reporter-output>
        </test-method> <!-- TC06 -->
        <test-method is-config="true" signature="afterMethod()[pri:0, instance:Railway.LogoutTest@4009e306]" started-at="2026-02-05T16:03:06 GMT+07:00" name="afterMethod" finished-at="2026-02-05T16:03:06 GMT+07:00" duration-ms="157" status="PASS">
          <reporter-output>
          </reporter-output>
        </test-method> <!-- afterMethod -->
      </class> <!-- Railway.LogoutTest -->
    </test> <!-- Default test -->
  </suite> <!-- Default suite -->
</testng-results>
