<?xml version="1.0" encoding="UTF-8"?>
<testng-results ignored="0" total="1" passed="1" failed="0" skipped="0">
  <reporter-output>
  </reporter-output>
  <suite started-at="2026-02-10T17:21:45 GMT+07:00" name="Default suite" finished-at="2026-02-10T17:22:08 GMT+07:00" duration-ms="22834">
    <groups>
    </groups>
    <test started-at="2026-02-10T17:21:45 GMT+07:00" name="Default test" finished-at="2026-02-10T17:22:08 GMT+07:00" duration-ms="22834">
      <class name="Railway.TestFunction">
        <test-method is-config="true" signature="beforeMethod()[pri:0, instance:Railway.TestFunction@4988d8b8]" started-at="2026-02-10T17:21:45 GMT+07:00" name="beforeMethod" finished-at="2026-02-10T17:21:59 GMT+07:00" duration-ms="14155" status="PASS">
          <reporter-output>
          </reporter-output>
        </test-method> <!-- beforeMethod -->
        <test-method signature="TC12()[pri:0, instance:Railway.TestFunction@4988d8b8]" started-at="2026-02-10T17:21:59 GMT+07:00" name="TC12" finished-at="2026-02-10T17:22:07 GMT+07:00" duration-ms="8373" status="PASS">
          <reporter-output>
          </reporter-output>
        </test-method> <!-- TC12 -->
        <test-method is-config="true" signature="afterMethod()[pri:0, instance:Railway.TestFunction@4988d8b8]" started-at="2026-02-10T17:22:07 GMT+07:00" name="afterMethod" finished-at="2026-02-10T17:22:08 GMT+07:00" duration-ms="237" status="PASS">
          <reporter-output>
          </reporter-output>
        </test-method> <!-- afterMethod -->
      </class> <!-- Railway.TestFunction -->
    </test> <!-- Default test -->
  </suite> <!-- Default suite -->
</testng-results>
