<?xml version="1.0" encoding="UTF-8"?>
<!-- Generated by org.testng.reporters.JUnitXMLReporter -->
<testsuite ignored="4" hostname="DESKTOP-OPLFGNJ" failures="0" tests="1" name="Test" time="33.885" errors="0" timestamp="2026-02-11T15:41:34 GMT+07:00">
  <testcase classname="Railway.LoginTest" name="TC02" time="3.425"/>
  <testcase classname="Railway.LoginTest" name="TC05" time="0.0">
    <ignored/>
  </testcase> <!-- TC05 -->
  <testcase classname="Railway.LoginTest" name="TC04" time="0.0">
    <ignored/>
  </testcase> <!-- TC04 -->
  <testcase classname="Railway.LoginTest" name="TC01" time="0.0">
    <ignored/>
  </testcase> <!-- TC01 -->
  <testcase classname="Railway.LoginTest" name="TC03" time="0.0">
    <ignored/>
  </testcase> <!-- TC03 -->
</testsuite> <!-- Test -->
